LinkChecker 9.3              Copyright (C) 2000-2014 Bastian Kleineidam
LinkChecker comes with ABSOLUTELY NO WARRANTY!
This is free software, and you are welcome to redistribute it
under certain conditions. Look at the file `LICENSE' within this
distribution.
Get the newest version at http://wummel.github.io/linkchecker/
Write comments and bugs to https://github.com/wummel/linkchecker/issues
Support this project at http://wummel.github.io/linkchecker/donations.html

Start checking at 2016-11-17 09:39:48-007

URL        `../fonts/glyphicons-halflings-regular.eot'
Parent URL http://localhost:4000/assets/css/vendor/bootstrap.min.css, line 1, col 2901
Real URL   http://localhost:4000/assets/css/fonts/glyphicons-halflings-regular.eot
Check time 3.764 seconds
Size       327B
Result     Error: 404 Not Found

URL        `../fonts/glyphicons-halflings-regular.eot?#iefix'
Parent URL http://localhost:4000/assets/css/vendor/bootstrap.min.css, line 1, col 2952
Real URL   http://localhost:4000/assets/css/fonts/glyphicons-halflings-regular.eot#iefix
Check time 3.932 seconds
Size       327B
Result     Error: 404 Not Found

URL        `../fonts/glyphicons-halflings-regular.woff2'
Parent URL http://localhost:4000/assets/css/vendor/bootstrap.min.css, line 1, col 3034
Real URL   http://localhost:4000/assets/css/fonts/glyphicons-halflings-regular.woff2
Check time 4.037 seconds
Size       329B
Result     Error: 404 Not Found

URL        `../fonts/glyphicons-halflings-regular.woff'
Parent URL http://localhost:4000/assets/css/vendor/bootstrap.min.css, line 1, col 3099
Real URL   http://localhost:4000/assets/css/fonts/glyphicons-halflings-regular.woff
Check time 4.085 seconds
Size       328B
Result     Error: 404 Not Found

URL        `../fonts/glyphicons-halflings-regular.ttf'
Parent URL http://localhost:4000/assets/css/vendor/bootstrap.min.css, line 1, col 3162
Real URL   http://localhost:4000/assets/css/fonts/glyphicons-halflings-regular.ttf
Check time 4.048 seconds
Size       327B
Result     Error: 404 Not Found

URL        `../fonts/glyphicons-halflings-regular.svg#glyphicons_halflingsregular'
Parent URL http://localhost:4000/assets/css/vendor/bootstrap.min.css, line 1, col 3228
Real URL   http://localhost:4000/assets/css/fonts/glyphicons-halflings-regular.svg#glyphicons_halflingsregular
Check time 3.835 seconds
Size       327B
Result     Error: 404 Not Found

URL        `../img/hero/wcs/quote-start-small.png'
Parent URL http://localhost:4000/assets/css/device.css, line 472, col 21
Real URL   http://localhost:4000/assets/img/hero/wcs/quote-start-small.png
Check time 3.147 seconds
Size       319B
Result     Error: 404 Not Found

URL        `../img/hero/wcs/quote-start-small.png'
Parent URL http://localhost:4000/assets/css/device.css, line 845, col 21
Real URL   http://localhost:4000/assets/img/hero/wcs/quote-start-small.png
Check time 3.147 seconds
Size       319B
Result     Error: 404 Not Found

URL        `../img/hero/wcs/quote-end-small.png'
Parent URL http://localhost:4000/assets/css/device.css, line 477, col 21
Real URL   http://localhost:4000/assets/img/hero/wcs/quote-end-small.png
Check time 2.890 seconds
Size       317B
Result     Error: 404 Not Found

URL        `../img/hero/wcs/quote-start-small.png'
Parent URL http://localhost:4000/assets/css/device.css, line 930, col 21
Real URL   http://localhost:4000/assets/img/hero/wcs/quote-start-small.png
Check time 3.147 seconds
Size       319B
Result     Error: 404 Not Found

URL        `../img/hero/wcs/quote-end-small.png'
Parent URL http://localhost:4000/assets/css/device.css, line 935, col 21
Real URL   http://localhost:4000/assets/img/hero/wcs/quote-end-small.png
Check time 2.890 seconds
Size       317B
Result     Error: 404 Not Found

URL        `../img/hero/wcs/quote-start-small.png'
Parent URL http://localhost:4000/assets/css/device.css, line 550, col 21
Real URL   http://localhost:4000/assets/img/hero/wcs/quote-start-small.png
Check time 3.252 seconds
Size       319B
Result     Error: 404 Not Found

URL        `../img/hero/wcs/quote-end-small.png'
Parent URL http://localhost:4000/assets/css/device.css, line 555, col 21
Real URL   http://localhost:4000/assets/img/hero/wcs/quote-end-small.png
Check time 3.116 seconds
Size       317B
Result     Error: 404 Not Found

URL        `../img/hero/wcs/quote-start-small.png'
Parent URL http://localhost:4000/assets/css/device.css, line 653, col 21
Real URL   http://localhost:4000/assets/img/hero/wcs/quote-start-small.png
Check time 3.494 seconds
Size       319B
Result     Error: 404 Not Found

URL        `../img/hero/wcs/quote-end-small.png'
Parent URL http://localhost:4000/assets/css/device.css, line 658, col 21
Real URL   http://localhost:4000/assets/img/hero/wcs/quote-end-small.png
Check time 3.210 seconds
Size       317B
Result     Error: 404 Not Found

URL        `../img/hero/wcs/quote-start-small.png'
Parent URL http://localhost:4000/assets/css/device.css, line 751, col 21
Real URL   http://localhost:4000/assets/img/hero/wcs/quote-start-small.png
Check time 3.104 seconds
Size       319B
Result     Error: 404 Not Found

URL        `../img/hero/wcs/quote-end-small.png'
Parent URL http://localhost:4000/assets/css/device.css, line 756, col 21
Real URL   http://localhost:4000/assets/img/hero/wcs/quote-end-small.png
Check time 3.145 seconds
Size       317B
Result     Error: 404 Not Found

URL        `../img/hero/wcs/quote-end-small.png'
Parent URL http://localhost:4000/assets/css/device.css, line 850, col 21
Real URL   http://localhost:4000/assets/img/hero/wcs/quote-end-small.png
Check time 3.285 seconds
Size       317B
Result     Error: 404 Not Found

URL        `/documentation/user/references/compliance.html'
Name       `Compliance'
Parent URL http://localhost:4000/documentation/user.html, line 142, col 29
Real URL   http://localhost:4000/documentation/user/references/compliance.html
Check time 3.544 seconds
Size       323B
Result     Error: 404 Not Found

URL        `/documentation/user/references/compliance.html'
Name       `Compliance'
Parent URL http://localhost:4000/documentation/user/overview/index.html, line 128, col 23
Real URL   http://localhost:4000/documentation/user/references/compliance.html
Check time 3.544 seconds
Size       323B
Result     Error: 404 Not Found

URL        `../fonts/glyphicons-halflings-regular.eot'
Parent URL http://localhost:4000/assets/docs/shared/css/bootstrap.min.css, line 1, col 2901
Real URL   http://localhost:4000/assets/docs/shared/fonts/glyphicons-halflings-regular.eot
Check time 4.096 seconds
Size       335B
Result     Error: 404 Not Found

URL        `../fonts/glyphicons-halflings-regular.eot?#iefix'
Parent URL http://localhost:4000/assets/docs/shared/css/bootstrap.min.css, line 1, col 2952
Real URL   http://localhost:4000/assets/docs/shared/fonts/glyphicons-halflings-regular.eot#iefix
Check time 3.867 seconds
Size       335B
Result     Error: 404 Not Found

URL        `../fonts/glyphicons-halflings-regular.woff2'
Parent URL http://localhost:4000/assets/docs/shared/css/bootstrap.min.css, line 1, col 3034
Real URL   http://localhost:4000/assets/docs/shared/fonts/glyphicons-halflings-regular.woff2
Check time 3.791 seconds
Size       337B
Result     Error: 404 Not Found

URL        `../fonts/glyphicons-halflings-regular.woff'
Parent URL http://localhost:4000/assets/docs/shared/css/bootstrap.min.css, line 1, col 3099
Real URL   http://localhost:4000/assets/docs/shared/fonts/glyphicons-halflings-regular.woff
Check time 3.849 seconds
Size       336B
Result     Error: 404 Not Found

URL        `../fonts/glyphicons-halflings-regular.ttf'
Parent URL http://localhost:4000/assets/docs/shared/css/bootstrap.min.css, line 1, col 3162
Real URL   http://localhost:4000/assets/docs/shared/fonts/glyphicons-halflings-regular.ttf
Check time 3.779 seconds
Size       335B
Result     Error: 404 Not Found

URL        `../fonts/glyphicons-halflings-regular.svg#glyphicons_halflingsregular'
Parent URL http://localhost:4000/assets/docs/shared/css/bootstrap.min.css, line 1, col 3228
Real URL   http://localhost:4000/assets/docs/shared/fonts/glyphicons-halflings-regular.svg#glyphicons_halflingsregular
Check time 3.485 seconds
Size       335B
Result     Error: 404 Not Found

URL        `/documentation/user/references/view-design-releases.html'
Name       `View Design Releases'
Parent URL http://localhost:4000/documentation/user/getting-started/index.html, line 209, col 7
Real URL   http://localhost:4000/documentation/user/references/view-design-releases.html
Check time 3.390 seconds
Size       333B
Result     Error: 404 Not Found

URL        `/documentation/user/reference/variables.html'
Name       `variables'
Parent URL http://localhost:4000/documentation/user/getting-started/index.html, line 216, col 651
Real URL   http://localhost:4000/documentation/user/reference/variables.html
Check time 3.391 seconds
Size       321B
Result     Error: 404 Not Found

URL        `/documentation/user/reference/monitoring-reference.html'
Name       `Monitoring'
Parent URL http://localhost:4000/documentation/user/getting-started/index.html, line 262, col 134
Real URL   http://localhost:4000/documentation/user/reference/monitoring-reference.html
Check time 3.418 seconds
Size       332B
Result     Error: 404 Not Found

URL        `/documentation/user/how-to/actions-reference.html'
Name       `How To:'
Parent URL http://localhost:4000/documentation/user/getting-started/index.html, line 280, col 15
Real URL   http://localhost:4000/documentation/user/how-to/actions-reference.html
Check time 3.540 seconds
Size       326B
Result     Error: 404 Not Found

URL        `/documentation/user/references/view-design-releases.html'
Name       `View Design Releases'
Parent URL http://localhost:4000/documentation/user/getting-started/index.html, line 209, col 7
Real URL   http://localhost:4000/documentation/user/references/view-design-releases.html
Check time 3.390 seconds
Size       333B
Result     Error: 404 Not Found

URL        `/documentation/user/reference/variables.html'
Name       `variables'
Parent URL http://localhost:4000/documentation/user/getting-started/index.html, line 216, col 651
Real URL   http://localhost:4000/documentation/user/reference/variables.html
Check time 3.391 seconds
Size       321B
Result     Error: 404 Not Found

URL        `/documentation/user/reference/monitoring-reference.html'
Name       `Monitoring'
Parent URL http://localhost:4000/documentation/user/getting-started/index.html, line 262, col 134
Real URL   http://localhost:4000/documentation/user/reference/monitoring-reference.html
Check time 3.418 seconds
Size       332B
Result     Error: 404 Not Found

URL        `/documentation/user/how-to/actions-reference.html'
Name       `How To:'
Parent URL http://localhost:4000/documentation/user/getting-started/index.html, line 280, col 15
Real URL   http://localhost:4000/documentation/user/how-to/actions-reference.html
Check time 3.540 seconds
Size       326B
Result     Error: 404 Not Found

URL        `/documentation/user/references/view-design-releases.html'
Name       `View Design Releases'
Parent URL http://localhost:4000/documentation/user/getting-started/index.html, line 209, col 7
Real URL   http://localhost:4000/documentation/user/references/view-design-releases.html
Check time 3.861 seconds
Size       333B
Result     Error: 404 Not Found

URL        `/documentation/user/reference/variables.html'
Name       `variables'
Parent URL http://localhost:4000/documentation/user/getting-started/index.html, line 216, col 651
Real URL   http://localhost:4000/documentation/user/reference/variables.html
Check time 3.882 seconds
Size       321B
Result     Error: 404 Not Found

URL        `/documentation/user/reference/monitoring-reference.html'
Name       `Monitoring'
Parent URL http://localhost:4000/documentation/user/getting-started/index.html, line 262, col 134
Real URL   http://localhost:4000/documentation/user/reference/monitoring-reference.html
Check time 4.157 seconds
Size       332B
Result     Error: 404 Not Found

URL        `/documentation/user/how-to/actions-reference.html'
Name       `How To:'
Parent URL http://localhost:4000/documentation/user/getting-started/index.html, line 280, col 15
Real URL   http://localhost:4000/documentation/user/how-to/actions-reference.html
Check time 4.324 seconds
Size       326B
Result     Error: 404 Not Found

URL        `/documentation/user/how-to/variables.html'
Name       `variables'
Parent URL http://localhost:4000/documentation/user/best-practices/design-best-practices.html, line 120, col 38
Real URL   http://localhost:4000/documentation/user/how-to/variables.html
Check time 3.977 seconds
Size       318B
Result     Error: 404 Not Found

URL        `/documentation/user/how-to/ssh-to-compute-mode.html'
Name       `SSH key'
Parent URL http://localhost:4000/documentation/user/best-practices/design-best-practices.html, line 123, col 35
Real URL   http://localhost:4000/documentation/user/how-to/ssh-to-compute-mode.html
Check time 4.071 seconds
Size       328B
Result     Error: 404 Not Found

URL        `/documentation/developer/how-to/add-new-component.html'
Name       `Add a New Component.'
Parent URL http://localhost:4000/documentation/developer/key-concepts/index.html, line 169, col 61
Real URL   http://localhost:4000/documentation/developer/how-to/add-new-component.html
Check time 3.800 seconds
Size       331B
Result     Error: 404 Not Found

URL        `/documentation/developer/how-to/manually-build-from-source.html'
Name       `Manually build from source'
Parent URL http://localhost:4000/documentation/developer/getting-started/index.html, line 117, col 7
Real URL   http://localhost:4000/documentation/developer/how-to/manually-build-from-source.html
Check time 3.414 seconds
Size       340B
Result     Error: 404 Not Found

URL        `../howto/#add-a-platform'
Name       `Add a Platform'
Parent URL http://localhost:4000/documentation/developer/getting-started/index.html, line 151, col 381
Real URL   http://localhost:4000/documentation/developer/howto/#add-a-platform
Check time 3.409 seconds
Size       308B
Result     Error: 404 Not Found

URL        `/documentation/developer/how-to/add-new-component.html'
Name       `Add a New Component'
Parent URL http://localhost:4000/documentation/developer/getting-started/index.html, line 154, col 7
Real URL   http://localhost:4000/documentation/developer/how-to/add-new-component.html
Check time 3.200 seconds
Size       331B
Result     Error: 404 Not Found

URL        `/documentation/developer/how-to/create-a-circuit.html'
Name       `Create a Circuit'
Parent URL http://localhost:4000/documentation/developer/getting-started/index.html, line 155, col 7
Real URL   http://localhost:4000/documentation/developer/how-to/create-a-circuit.html
Check time 3.212 seconds
Size       330B
Result     Error: 404 Not Found

URL        `/documentation/developer/how-to/modify-a-cicuit.html'
Name       `Modify a Circuit'
Parent URL http://localhost:4000/documentation/developer/getting-started/index.html, line 157, col 7
Real URL   http://localhost:4000/documentation/developer/how-to/modify-a-cicuit.html
Check time 3.438 seconds
Size       329B
Result     Error: 404 Not Found

URL        `/documentation/developer/references/attachments.html'
Name       `Attachments'
Parent URL http://localhost:4000/documentation/developer/references/metadata.html, line 159, col 7
Real URL   http://localhost:4000/documentation/developer/references/attachments.html
Check time 4.332 seconds
Size       329B
Result     Error: 404 Not Found

URL        `/documentation/developer/how-to/add-new-component.html'
Name       `Add a New Component.'
Parent URL http://localhost:4000/documentation/developer/key-concepts/#component, line 169, col 61
Real URL   http://localhost:4000/documentation/developer/how-to/add-new-component.html
Check time 3.200 seconds
Size       331B
Result     Error: 404 Not Found

URL        `/documentation/user/how-to/add-a-platform-to-a-design.html'
Name       `Add a platform'
Parent URL http://localhost:4000/documentation/user/key-concepts/#design-in-oneops, line 127, col 15
Real URL   http://localhost:4000/documentation/user/how-to/add-a-platform-to-a-design.html
Check time 3.739 seconds
Size       335B
Result     Error: 404 Not Found

URL        `/documentation/user/how-to/add-a-specific-component-to-a-design.html'
Name       `Add a component'
Parent URL http://localhost:4000/documentation/user/key-concepts/#design-in-oneops, line 128, col 15
Real URL   http://localhost:4000/documentation/user/how-to/add-a-specific-component-to-a-design.html
Check time 3.615 seconds
Size       345B
Result     Error: 404 Not Found

URL        `/documentation/user/how-to/add-a-platform-to-a-design.html'
Name       `Add a platform'
Parent URL http://localhost:4000/documentation/user/key-concepts/#operations-in-oneops, line 127, col 15
Real URL   http://localhost:4000/documentation/user/how-to/add-a-platform-to-a-design.html
Check time 3.739 seconds
Size       335B
Result     Error: 404 Not Found

URL        `/documentation/user/how-to/add-a-specific-component-to-a-design.html'
Name       `Add a component'
Parent URL http://localhost:4000/documentation/user/key-concepts/#operations-in-oneops, line 128, col 15
Real URL   http://localhost:4000/documentation/user/how-to/add-a-specific-component-to-a-design.html
Check time 3.615 seconds
Size       345B
Result     Error: 404 Not Found

URL        `/documentation/user/how-to/add-a-platform-to-a-design.html'
Name       `Add a platform'
Parent URL http://localhost:4000/documentation/user/key-concepts/#oneops-lifecycle-phase, line 127, col 15
Real URL   http://localhost:4000/documentation/user/how-to/add-a-platform-to-a-design.html
Check time 3.818 seconds
Size       335B
Result     Error: 404 Not Found

URL        `/documentation/user/how-to/add-a-specific-component-to-a-design.html'
Name       `Add a component'
Parent URL http://localhost:4000/documentation/user/key-concepts/#oneops-lifecycle-phase, line 128, col 15
Real URL   http://localhost:4000/documentation/user/how-to/add-a-specific-component-to-a-design.html
Check time 3.856 seconds
Size       345B
Result     Error: 404 Not Found

URL        `/documentation/user/how-to/add-a-platform-to-a-design.html'
Name       `Add a platform'
Parent URL http://localhost:4000/documentation/user/key-concepts/index.html, line 127, col 15
Real URL   http://localhost:4000/documentation/user/how-to/add-a-platform-to-a-design.html
Check time 3.818 seconds
Size       335B
Result     Error: 404 Not Found

URL        `/documentation/user/how-to/add-a-specific-component-to-a-design.html'
Name       `Add a component'
Parent URL http://localhost:4000/documentation/user/key-concepts/index.html, line 128, col 15
Real URL   http://localhost:4000/documentation/user/how-to/add-a-specific-component-to-a-design.html
Check time 3.856 seconds
Size       345B
Result     Error: 404 Not Found

URL        `/documentation/user/references/auto-scale.html');'
Name       `scale'
Parent URL http://localhost:4000/documentation/user/references/monitoring-reference.html, line 135, col 121
Real URL   http://localhost:4000/documentation/user/references/auto-scale.html%27)
Check time 3.308 seconds
Size       327B
Result     Error: 404 Not Found

URL        `/documentation/user/how-to/threshold-definitions.html'
Name       `threshold'
Parent URL http://localhost:4000/documentation/user/references/monitoring-reference.html, line 136, col 332
Real URL   http://localhost:4000/documentation/user/how-to/threshold-definitions.html
Check time 3.236 seconds
Size       330B
Result     Error: 404 Not Found

URL        `/documentation/user/how-to/default-monitor-thresholds.html'
Name       `Default Monitor Thresholds'
Parent URL http://localhost:4000/documentation/user/references/monitoring-reference.html, line 136, col 575
Real URL   http://localhost:4000/documentation/user/how-to/default-monitor-thresholds.html
Check time 3.500 seconds
Size       335B
Result     Error: 404 Not Found

URL        `/documentation/user/references/cloud.html'
Name       `clouds'
Parent URL http://localhost:4000/documentation/user/overview/index.html, line 130, col 70
Real URL   http://localhost:4000/documentation/user/references/cloud.html
Check time 3.435 seconds
Size       318B
Result     Error: 404 Not Found

URL        `/documentation/user/how-to/set-monitor-thresholds.html'
Name       `monitor thresholds'
Parent URL http://localhost:4000/documentation/user/best-practices/transition-best-practices.html, line 113, col 591
Real URL   http://localhost:4000/documentation/user/how-to/set-monitor-thresholds.html
Check time 3.447 seconds
Size       331B
Result     Error: 404 Not Found

URL        `/documentation/user/references/platform-links.html'
Name       `platform links'
Parent URL http://localhost:4000/documentation/user/references/load.html, line 126, col 175
Real URL   http://localhost:4000/documentation/user/references/platform-links.html
Check time 3.347 seconds
Size       327B
Result     Error: 404 Not Found

URL        `/documentation/user/references/operations.html'
Name       `operations'
Parent URL http://localhost:4000/documentation/user/references/run-actions-in-operations.html, line 113, col 73
Real URL   http://localhost:4000/documentation/user/references/operations.html
Check time 2.661 seconds
Size       323B
Result     Error: 404 Not Found

URL        `../howto/#find-the-hostname-of-a-vm'
Name       `Find the Hostname of a VM.'
Parent URL http://localhost:4000/documentation/user/how-to/add-cname.html, line 113, col 174
Real URL   http://localhost:4000/documentation/user/howto/#find-the-hostname-of-a-vm
Check time 3.176 seconds
Size       303B
Result     Error: 404 Not Found

URL        `/documentation/user/reference/threshold-definitions.html'
Name       `threshold'
Parent URL http://localhost:4000/documentation/user/how-to/auto-scale.html, line 119, col 52
Real URL   http://localhost:4000/documentation/user/reference/threshold-definitions.html
Check time 4.357 seconds
Size       333B
Result     Error: 404 Not Found

URL        `/documentation/user/references/operations.html'
Name       `Operations'
Parent URL http://localhost:4000/documentation/user/how-to/create-environment.html, line 156, col 88
Real URL   http://localhost:4000/documentation/user/references/operations.html
Check time 2.661 seconds
Size       323B
Result     Error: 404 Not Found

URL        `../references/#monitor-types'
Name       `Monitor Types'
Parent URL http://localhost:4000/documentation/user/how-to/control-environment.html, line 128, col 115
Real URL   http://localhost:4000/documentation/user/references/#monitor-types
Check time 3.452 seconds
Size       308B
Result     Error: 403 Forbidden

URL        `/assets/docs/local/images/lb.png'
Name       `LB'
Parent URL http://localhost:4000/documentation/user/how-to/enable-https-for-service-lbcerts.html, line 125, col 49
Real URL   http://localhost:4000/assets/docs/local/images/lb.png
Check time 2.923 seconds
Size       309B
Result     Error: 404 Not Found

URL        `/documentation/user/how-to/udpate-os-packages-on-compute.html'
Name       `Update OS Packages on a Compute'
Parent URL http://localhost:4000/documentation/user/how-to/fix-unresponsive-compute.html, line 120, col 7
Real URL   http://localhost:4000/documentation/user/how-to/udpate-os-packages-on-compute.html
Check time 2.925 seconds
Size       338B
Result     Error: 404 Not Found

URL        `../howto/#add-or-delete-a-security-group-to-open-or-close-an-additional-port'
Name       `Add or Delete a Security Group to Open or Close an Additional Port.'
Parent URL http://localhost:4000/documentation/user/how-to/security-groups.html, line 116, col 72
Real URL   http://localhost:4000/documentation/user/howto/#find-the-hostname-of-a-vm
Check time 3.176 seconds
Size       303B
Result     Error: 404 Not Found

URL        `../references/#ports-by-platform'
Name       `List of Ports by Platform.'
Parent URL http://localhost:4000/documentation/user/how-to/security-groups.html, line 119, col 180
Real URL   http://localhost:4000/documentation/user/references/#monitor-types
Check time 3.452 seconds
Size       308B
Result     Error: 403 Forbidden

URL        `../howto/#add-or-delete-a-security-group-to-open-or-close-an-additional-port'
Name       `Add or Delete a Security Group to Open or Close an Additional Port'
Parent URL http://localhost:4000/documentation/user/how-to/security-groups.html, line 153, col 85
Real URL   http://localhost:4000/documentation/user/howto/#find-the-hostname-of-a-vm
Check time 3.176 seconds
Size       303B
Result     Error: 404 Not Found

URL        `/documentation/user/howto/#find-the-ip-address-for-a-compute-node'
Name       `Find the IP Address for a Compute Node'
Parent URL http://localhost:4000/documentation/user/testing/index.html, line 143, col 21
Real URL   http://localhost:4000/documentation/user/howto/#find-the-hostname-of-a-vm
Check time 3.176 seconds
Size       303B
Result     Error: 404 Not Found

URL        `/documentation/user/how-to/specify-email-address-or-distribution-list-for-notifications.html'
Name       `Specify an Email Address or Distribution List for Notifications'
Parent URL http://localhost:4000/documentation/user/how-to/watch-notification.html, line 120, col 7
Real URL   http://localhost:4000/documentation/user/how-to/specify-email-address-or-distribution-list-for-notifications.html
Check time 3.243 seconds
Size       369B
Result     Error: 404 Not Found

Statistics:
Downloaded: 7.15MB.
Content types: 966 image, 26361 text, 0 video, 0 audio, 2261 application, 6 mail and 1885 other.
URL lengths: min=15, max=267, avg=71.

That's it. 31479 links in 478 URLs checked. 0 warnings found. 74 errors found.
Stopped checking at 2016-11-17 09:43:01-007 (3 minutes, 12 seconds)
